
2022-05-14T19:07:55.625387+0400,INFO,****************** Test_001_test_login/test_login ******************
2022-05-14T19:07:55.625387+0400,INFO,****************** Verifying test_login/test_login ******************
2022-05-14T19:08:08.254284+0400,INFO,****************** Test_001_test_login/test_login is passed ******************
2022-05-14T19:08:08.254284+0400,INFO,****************** Test_001_test_login/test_login is completed ******************
2022-05-14T19:12:27.814717+0400,INFO,****************** Test_001_test_login/test_login ******************
2022-05-14T19:12:27.815713+0400,INFO,****************** Verifying test_login/test_login ******************
2022-05-14T19:12:40.691553+0400,INFO,****************** Test_001_test_login/test_login is passed ******************
2022-05-14T19:12:40.691553+0400,INFO,****************** Test_001_test_login/test_login is completed ******************
2022-05-15T15:55:30.808423+0400,INFO,****************** Test_003_change_user_info ******************
2022-05-15T15:55:30.810421+0400,INFO,****************** Verifying change_user_info ******************
2022-05-15T15:56:40.021862+0400,INFO,****************** Test_003_Aze_language_is_removed from skills  ******************
2022-05-15T15:56:42.352908+0400,INFO,****************** Test_003_change_user_info is passed ******************
2022-05-15T15:56:42.352908+0400,INFO,****************** Test_003_change_user_info is completed ******************
2022-05-15T15:56:47.979669+0400,INFO,****************** Test_004_find_user ******************
2022-05-15T15:56:47.979669+0400,INFO,****************** Verifying find_user function ******************
2022-05-15T15:57:54.426792+0400,INFO,****************** Test_004_found 42 users ******************
2022-05-15T15:57:54.633599+0400,INFO,****************** Test_004_find_user is passed ******************
2022-05-15T15:57:54.633599+0400,INFO,****************** Test_004_find_user is completed ******************
2022-05-15T15:57:59.746135+0400,INFO,****************** Test_001_test_login/homepage_title ******************
2022-05-15T15:57:59.746135+0400,INFO,****************** Verifying test_homepage_title ******************
2022-05-15T15:58:08.337131+0400,INFO,****************** Test_001_test_login/test_homepage_title is passed ******************
2022-05-15T15:58:08.337131+0400,INFO,****************** Test_001_test_login/homepage_title is completed ******************
2022-05-15T15:58:11.343679+0400,INFO,****************** Test_001_test_login/test_login ******************
2022-05-15T15:58:11.344677+0400,INFO,****************** Verifying test_login/test_login ******************
2022-05-15T15:59:20.923290+0400,INFO,****************** Test_001_test_login/test_login is passed ******************
2022-05-15T15:59:20.924287+0400,INFO,****************** Test_001_test_login/test_login is completed ******************
2022-05-15T15:59:23.893214+0400,INFO,****************** Test_002_test_login_DDT ******************
2022-05-15T15:59:23.894208+0400,INFO,****************** Verifying test_login_DDT ******************
2022-05-15T16:08:49.899174+0400,INFO,****************** Test_003_change_user_info ******************
2022-05-15T16:08:49.900174+0400,INFO,****************** Verifying change_user_info ******************
2022-05-15T16:14:36.087834+0400,INFO,****************** Test_003_Aze_language_is_removed from skills  ******************
2022-05-15T16:14:39.662714+0400,INFO,****************** Test_003_change_user_info is passed ******************
2022-05-15T16:14:39.662714+0400,INFO,****************** Test_003_change_user_info is completed ******************
2022-05-15T16:14:54.067575+0400,INFO,****************** Test_004_find_user ******************
2022-05-15T16:14:54.068568+0400,INFO,****************** Verifying find_user function ******************
2022-05-15T16:15:07.425402+0400,INFO,****************** Test_001_test_login/homepage_title ******************
2022-05-15T16:15:07.425402+0400,INFO,****************** Verifying test_homepage_title ******************
2022-05-15T16:15:11.104139+0400,INFO,****************** Test_001_test_login/test_login ******************
2022-05-15T16:15:11.105137+0400,INFO,****************** Verifying test_login/test_login ******************
2022-05-15T16:16:20.014032+0400,INFO,****************** Test_003_change_user_info ******************
2022-05-15T16:16:20.015030+0400,INFO,****************** Verifying change_user_info ******************
2022-05-15T16:18:02.720624+0400,INFO,****************** Test_004_find_user ******************
2022-05-15T16:18:02.721620+0400,INFO,****************** Verifying find_user function ******************
2022-05-15T16:19:26.190343+0400,INFO,****************** Test_004_found 42 users ******************
2022-05-15T16:19:26.369470+0400,INFO,****************** Test_004_find_user is passed ******************
2022-05-15T16:19:26.370462+0400,INFO,****************** Test_004_find_user is completed ******************
2022-05-15T16:19:31.841465+0400,INFO,****************** Test_001_test_login/homepage_title ******************
2022-05-15T16:19:31.841465+0400,INFO,****************** Verifying test_homepage_title ******************
2022-05-15T16:19:42.116704+0400,INFO,****************** Test_001_test_login/test_homepage_title is passed ******************
2022-05-15T16:19:42.117729+0400,INFO,****************** Test_001_test_login/homepage_title is completed ******************
2022-05-15T16:19:45.324116+0400,INFO,****************** Test_001_test_login/test_login ******************
2022-05-15T16:19:45.325111+0400,INFO,****************** Verifying test_login/test_login ******************
2022-05-15T16:20:27.981651+0400,INFO,****************** Test_001_test_login/test_login is passed ******************
2022-05-15T16:20:27.981765+0400,INFO,****************** Test_001_test_login/test_login is completed ******************
